[09Dec2025 19:03:28.591] [main/INFO] [cpw.mods.modlauncher.Launcher/MODLAUNCHER]: ModLauncher running: args [--launchTarget, forgeclientdev, --version, 21.1.190, --assetIndex, 17, --assetsDir, C:\\Users\\Damián\\.mcreator\\gradle\\caches\\neoformruntime\\assets, --gameDir, ., --fml.fmlVersion, 4.0.41, --fml.mcVersion, 1.21.1, --fml.neoForgeVersion, 21.1.190, --fml.neoFormVersion, 20240808.144430]
[09Dec2025 19:03:28.594] [main/INFO] [cpw.mods.modlauncher.Launcher/MODLAUNCHER]: JVM identified as Eclipse Adoptium OpenJDK 64-Bit Server VM 21.0.8+9-LTS
[09Dec2025 19:03:28.596] [main/INFO] [cpw.mods.modlauncher.Launcher/MODLAUNCHER]: ModLauncher 11.0.5+main.901c6ea8 starting: java version 21.0.8 by Eclipse Adoptium; OS Windows 11 arch amd64 version 10.0
[09Dec2025 19:03:28.731] [main/INFO] [net.neoforged.fml.loading.ImmediateWindowHandler/]: Loading ImmediateWindowProvider fmlearlywindow
[09Dec2025 19:03:28.818] [main/INFO] [EARLYDISPLAY/]: Trying GL version 4.6
[09Dec2025 19:03:29.751] [main/INFO] [EARLYDISPLAY/]: Requested GL version 4.6 got version 4.6
[09Dec2025 19:03:29.867] [main/INFO] [mixin/]: SpongePowered MIXIN Subsystem Version=0.8.7 Source=union:/C:/Users/Damián/.mcreator/gradle/caches/modules-2/files-2.1/net.fabricmc/sponge-mixin/0.15.2+mixin.0.8.7/2af2f021d8e02a0220dc27a7a72b4666d66d44ca/sponge-mixin-0.15.2+mixin.0.8.7.jar%23138!/ Service=ModLauncher Env=CLIENT
[09Dec2025 19:03:30.081] [pool-2-thread-1/INFO] [EARLYDISPLAY/]: GL info: Intel(R) Arc(TM) A750 Graphics GL version 4.6.0 - Build 32.0.101.8331, Intel
[09Dec2025 19:03:30.259] [main/INFO] [net.neoforged.fml.loading.moddiscovery.locators.JarInJarDependencyLocator/]: Found 2 dependencies adding them to mods collection
[09Dec2025 19:03:30.260] [main/INFO] [net.neoforged.fml.loading.moddiscovery.ModDiscoverer/]: 
     Mod List:
		Name Version (Mod Id)

		Flower Paradise 1.0.0 (flower_paradise)
		Minecraft 1.21.1 (minecraft)
		NeoForge 21.1.190 (neoforge)
[09Dec2025 19:03:31.010] [main/INFO] [mixin/]: Compatibility level set to JAVA_21
[09Dec2025 19:03:31.019] [main/INFO] [cpw.mods.modlauncher.LaunchServiceHandler/MODLAUNCHER]: Launching target 'forgeclientdev' with arguments [--version, 21.1.190, --gameDir, ., --assetsDir, C:\Users\Damián\.mcreator\gradle\caches\neoformruntime\assets, --assetIndex, 17]
[09Dec2025 19:03:32.770] [Datafixer Bootstrap/INFO] [com.mojang.datafixers.DataFixerBuilder/]: 229 Datafixer optimizations took 433 milliseconds
[09Dec2025 19:03:32.955] [main/WARN] [oshi.util.platform.windows.PerfDataUtil/]: Failed to add PDH Counter: \Paging File(_Total)\% Usage, Error code: 0xC0000BB8
[09Dec2025 19:03:32.955] [main/WARN] [oshi.util.platform.windows.PerfCounterQueryHandler/]: Failed to add counter for PDH counter: \Paging File(_Total)\% Usage
[09Dec2025 19:03:32.956] [main/WARN] [oshi.util.platform.windows.PerfCounterQuery/]: Disabling further attempts to query Paging File.
[09Dec2025 19:03:32.966] [main/WARN] [oshi.util.platform.windows.WmiQueryHandler/]: COM exception: Invalid Class Win32_PerfRawData_PerfOS_PagingFile
[09Dec2025 19:03:32.993] [pool-7-thread-1/INFO] [MixinExtras|Service/]: Initializing MixinExtras via com.llamalad7.mixinextras.service.MixinExtrasServiceImpl(version=0.4.1).
[09Dec2025 19:03:37.526] [main/WARN] [net.minecraft.commands.Commands/]: Ambiguity between arguments [teleport, location] and [teleport, destination] with inputs: [0.1 -0.5 .9, 0 0 0]
[09Dec2025 19:03:37.527] [main/WARN] [net.minecraft.commands.Commands/]: Ambiguity between arguments [teleport, location] and [teleport, targets] with inputs: [0.1 -0.5 .9, 0 0 0]
[09Dec2025 19:03:37.530] [main/WARN] [net.minecraft.commands.Commands/]: Ambiguity between arguments [teleport, destination] and [teleport, targets] with inputs: [Player, 0123, @e, dd12be42-52a9-4a91-a8a1-11c01849e498]
[09Dec2025 19:03:37.531] [main/WARN] [net.minecraft.commands.Commands/]: Ambiguity between arguments [teleport, targets] and [teleport, destination] with inputs: [Player, 0123, dd12be42-52a9-4a91-a8a1-11c01849e498]
[09Dec2025 19:03:37.532] [main/WARN] [net.minecraft.commands.Commands/]: Ambiguity between arguments [teleport, targets, location] and [teleport, targets, destination] with inputs: [0.1 -0.5 .9, 0 0 0]
[09Dec2025 19:03:37.670] [Render thread/WARN] [net.minecraft.server.packs.VanillaPackResourcesBuilder/]: Assets URL 'union:/C:/MCreatorWorkspaces/flower_paradise/build/moddev/artifacts/neoforge-21.1.190.jar%23189!/assets/.mcassetsroot' uses unexpected schema
[09Dec2025 19:03:37.671] [Render thread/WARN] [net.minecraft.server.packs.VanillaPackResourcesBuilder/]: Assets URL 'union:/C:/MCreatorWorkspaces/flower_paradise/build/moddev/artifacts/neoforge-21.1.190.jar%23189!/data/.mcassetsroot' uses unexpected schema
[09Dec2025 19:03:37.695] [Render thread/INFO] [com.mojang.authlib.yggdrasil.YggdrasilAuthenticationService/]: Environment: Environment[sessionHost=https://sessionserver.mojang.com, servicesHost=https://api.minecraftservices.com, name=PROD]
[09Dec2025 19:03:37.704] [Render thread/INFO] [net.minecraft.client.Minecraft/]: Setting user: Dev
[09Dec2025 19:03:37.817] [Render thread/INFO] [net.minecraft.client.Minecraft/]: Backend library: LWJGL version 3.3.3+5
[09Dec2025 19:03:38.067] [modloading-worker-0/INFO] [net.neoforged.neoforge.common.NeoForgeMod/NEOFORGE-MOD]: NeoForge mod loading, version 21.1.190, for MC 1.21.1
[09Dec2025 19:03:38.966] [Render thread/INFO] [net.neoforged.neoforge.gametest.GameTestHooks/]: Enabled Gametest Namespaces: []
[09Dec2025 19:03:39.122] [Render thread/INFO] [net.minecraft.server.packs.resources.ReloadableResourceManager/]: Reloading ResourceManager: vanilla, mod_resources, mod/neoforge, mod/flower_paradise
[09Dec2025 19:03:39.244] [Worker-Main-3/INFO] [net.minecraft.client.gui.font.providers.UnihexProvider/]: Found unifont_all_no_pua-15.1.05.hex, loading
[09Dec2025 19:03:39.323] [Worker-Main-2/INFO] [net.minecraft.client.gui.font.providers.UnihexProvider/]: Found unifont_jp_patch-15.1.05.hex, loading
[09Dec2025 19:03:40.733] [Render thread/WARN] [net.minecraft.client.sounds.SoundEngine/]: Missing sound for event: minecraft:item.goat_horn.play
[09Dec2025 19:03:40.734] [Render thread/WARN] [net.minecraft.client.sounds.SoundEngine/]: Missing sound for event: minecraft:entity.goat.screaming.horn_break
[09Dec2025 19:03:40.994] [Render thread/INFO] [com.mojang.blaze3d.audio.Library/]: OpenAL initialized on device OpenAL Soft on 27G2WG3- (2- HD Audio Driver for Display Audio)
[09Dec2025 19:03:40.995] [Render thread/INFO] [net.minecraft.client.sounds.SoundEngine/SOUNDS]: Sound engine started
[09Dec2025 19:03:41.121] [Render thread/INFO] [net.minecraft.client.renderer.texture.TextureAtlas/]: Created: 1024x512x2 minecraft:textures/atlas/blocks.png-atlas
[09Dec2025 19:03:43.204] [Render thread/INFO] [net.minecraft.client.renderer.texture.TextureAtlas/]: Created: 256x256x2 minecraft:textures/atlas/signs.png-atlas
[09Dec2025 19:03:43.230] [Render thread/INFO] [net.minecraft.client.renderer.texture.TextureAtlas/]: Created: 512x512x2 minecraft:textures/atlas/shield_patterns.png-atlas
[09Dec2025 19:03:43.284] [Render thread/INFO] [net.minecraft.client.renderer.texture.TextureAtlas/]: Created: 512x512x2 minecraft:textures/atlas/banner_patterns.png-atlas
[09Dec2025 19:03:43.342] [Render thread/INFO] [net.minecraft.client.renderer.texture.TextureAtlas/]: Created: 1024x1024x2 minecraft:textures/atlas/armor_trims.png-atlas
[09Dec2025 19:03:43.937] [Render thread/INFO] [net.minecraft.client.renderer.texture.TextureAtlas/]: Created: 256x256x2 minecraft:textures/atlas/chest.png-atlas
[09Dec2025 19:03:43.951] [Render thread/INFO] [net.minecraft.client.renderer.texture.TextureAtlas/]: Created: 128x64x2 minecraft:textures/atlas/decorated_pot.png-atlas
[09Dec2025 19:03:43.982] [Render thread/INFO] [net.minecraft.client.renderer.texture.TextureAtlas/]: Created: 512x256x2 minecraft:textures/atlas/beds.png-atlas
[09Dec2025 19:03:44.003] [Render thread/INFO] [net.minecraft.client.renderer.texture.TextureAtlas/]: Created: 512x256x2 minecraft:textures/atlas/shulker_boxes.png-atlas
[09Dec2025 19:03:44.230] [Render thread/INFO] [net.minecraft.client.renderer.texture.TextureAtlas/]: Created: 512x256x0 minecraft:textures/atlas/particles.png-atlas
[09Dec2025 19:03:44.312] [Render thread/INFO] [net.minecraft.client.renderer.texture.TextureAtlas/]: Created: 512x256x0 minecraft:textures/atlas/paintings.png-atlas
[09Dec2025 19:03:44.336] [Render thread/INFO] [net.minecraft.client.renderer.texture.TextureAtlas/]: Created: 256x128x0 minecraft:textures/atlas/mob_effects.png-atlas
[09Dec2025 19:03:44.350] [Render thread/INFO] [net.minecraft.client.renderer.texture.TextureAtlas/]: Created: 64x64x0 minecraft:textures/atlas/map_decorations.png-atlas
[09Dec2025 19:03:44.363] [Render thread/INFO] [net.minecraft.client.renderer.texture.TextureAtlas/]: Created: 1024x512x0 minecraft:textures/atlas/gui.png-atlas
[09Dec2025 19:03:44.535] [Render thread/WARN] [net.minecraft.client.renderer.ShaderInstance/]: Shader rendertype_entity_translucent_emissive could not find sampler named Sampler2 in the specified shader program.
[09Dec2025 19:03:44.606] [Render thread/INFO] [net.neoforged.neoforge.client.entity.animation.json.AnimationLoader/]: Loaded 0 entity animations
[09Dec2025 19:04:19.461] [Render thread/INFO] [net.minecraft.world.item.crafting.RecipeManager/]: Loaded 1291 recipes
[09Dec2025 19:04:19.642] [Render thread/INFO] [net.minecraft.advancements.AdvancementTree/]: Loaded 1399 advancements
[09Dec2025 19:04:23.567] [Server thread/INFO] [net.minecraft.client.server.IntegratedServer/]: Starting integrated minecraft server version 1.21.1
[09Dec2025 19:04:23.567] [Server thread/INFO] [net.minecraft.server.MinecraftServer/]: Generating keypair
[09Dec2025 19:04:23.718] [Server thread/ERROR] [net.neoforged.neoforge.server.ServerLifecycleHooks/]: The following entities have not registered to the RegisterSpawnPlacementsEvent, but a spawn entry was found. This will mean that the entity doesn't have restrictions on its spawn location, please register a spawn placement for the entity, you can register with NO_RESTRICTIONS if you don't want any restrictions.
	 - minecraft:bee
[09Dec2025 19:04:26.069] [Server thread/INFO] [net.minecraft.server.MinecraftServer/]: Preparing start region for dimension minecraft:overworld
[09Dec2025 19:04:26.095] [progressListener/INFO] [net.minecraft.server.level.progress.LoggerChunkProgressListener/]: Preparing spawn area: 2%
[09Dec2025 19:04:26.606] [progressListener/INFO] [net.minecraft.server.level.progress.LoggerChunkProgressListener/]: Preparing spawn area: 2%
[09Dec2025 19:04:27.095] [progressListener/INFO] [net.minecraft.server.level.progress.LoggerChunkProgressListener/]: Preparing spawn area: 2%
[09Dec2025 19:04:27.577] [progressListener/INFO] [net.minecraft.server.level.progress.LoggerChunkProgressListener/]: Preparing spawn area: 18%
[09Dec2025 19:04:28.092] [progressListener/INFO] [net.minecraft.server.level.progress.LoggerChunkProgressListener/]: Preparing spawn area: 18%
[09Dec2025 19:04:28.581] [progressListener/INFO] [net.minecraft.server.level.progress.LoggerChunkProgressListener/]: Preparing spawn area: 51%
[09Dec2025 19:04:28.846] [Server thread/INFO] [net.neoforged.neoforge.server.permission.PermissionAPI/]: Successfully initialized permission handler neoforge:default_handler
[09Dec2025 19:04:28.853] [progressListener/INFO] [net.minecraft.server.level.progress.LoggerChunkProgressListener/]: Time elapsed: 2777 ms
[09Dec2025 19:04:28.891] [Server thread/INFO] [net.minecraft.client.server.IntegratedServer/]: Changing view distance to 13, from 10
[09Dec2025 19:04:28.891] [Server thread/INFO] [net.minecraft.client.server.IntegratedServer/]: Changing simulation distance to 12, from 0
[09Dec2025 19:04:31.301] [Server thread/INFO] [net.minecraft.server.players.PlayerList/]: Dev[local:E:4cc32dc1] logged in with entity id 5 at (6.5, 67.0, -4.5)
[09Dec2025 19:04:31.366] [Server thread/INFO] [net.minecraft.server.MinecraftServer/]: Dev joined the game
[09Dec2025 19:04:31.508] [Render thread/INFO] [net.minecraft.advancements.AdvancementTree/]: Loaded 2 advancements
[09Dec2025 19:04:44.880] [Render thread/INFO] [net.minecraft.advancements.AdvancementTree/]: Loaded 11 advancements
[09Dec2025 19:05:12.294] [Server thread/INFO] [net.minecraft.server.commands.LocateCommand/]: Locating element minecraft:mansion took 107 ms
[09Dec2025 19:05:12.320] [Render thread/INFO] [net.minecraft.client.gui.components.ChatComponent/]: [System] [CHAT] The nearest minecraft:mansion is at [-1936, ~, 112] (1916 blocks away)
[09Dec2025 19:05:16.674] [Server thread/INFO] [net.minecraft.server.MinecraftServer/]: [Dev: Teleported Dev to -1935.500000, 127.243136, 112.500000]
[09Dec2025 19:05:16.677] [Render thread/INFO] [net.minecraft.client.gui.components.ChatComponent/]: [System] [CHAT] Teleported Dev to -1935.500000, 127.243136, 112.500000
[09Dec2025 19:05:30.618] [Render thread/INFO] [net.minecraft.advancements.AdvancementTree/]: Loaded 13 advancements
[09Dec2025 19:06:10.048] [Server thread/INFO] [net.minecraft.client.server.IntegratedServer/]: Saving and pausing game...
[09Dec2025 19:06:10.084] [Server thread/INFO] [net.minecraft.server.MinecraftServer/]: Saving chunks for level 'ServerLevel[New World]'/minecraft:overworld
[09Dec2025 19:06:10.101] [Server thread/INFO] [net.minecraft.server.MinecraftServer/]: Saving chunks for level 'ServerLevel[New World]'/minecraft:the_end
[09Dec2025 19:06:10.102] [Server thread/INFO] [net.minecraft.server.MinecraftServer/]: Saving chunks for level 'ServerLevel[New World]'/minecraft:the_nether
[09Dec2025 19:06:12.918] [Server thread/INFO] [net.minecraft.server.network.ServerGamePacketListenerImpl/]: Dev lost connection: Disconnected
[09Dec2025 19:06:12.918] [Server thread/INFO] [net.minecraft.server.MinecraftServer/]: Dev left the game
[09Dec2025 19:06:12.930] [Server thread/INFO] [net.minecraft.server.network.ServerCommonPacketListenerImpl/]: Stopping singleplayer server as player logged out
[09Dec2025 19:06:12.949] [Server thread/INFO] [net.minecraft.server.MinecraftServer/]: Stopping server
[09Dec2025 19:06:12.950] [Server thread/INFO] [net.minecraft.server.MinecraftServer/]: Saving players
[09Dec2025 19:06:12.951] [Server thread/INFO] [net.minecraft.server.MinecraftServer/]: Saving worlds
[09Dec2025 19:06:14.517] [Server thread/INFO] [net.minecraft.server.MinecraftServer/]: Saving chunks for level 'ServerLevel[New World]'/minecraft:overworld
[09Dec2025 19:06:14.590] [Server thread/INFO] [net.minecraft.server.MinecraftServer/]: Saving chunks for level 'ServerLevel[New World]'/minecraft:the_end
[09Dec2025 19:06:14.593] [Server thread/INFO] [net.minecraft.server.MinecraftServer/]: Saving chunks for level 'ServerLevel[New World]'/minecraft:the_nether
[09Dec2025 19:06:14.659] [Server thread/INFO] [net.minecraft.server.MinecraftServer/]: ThreadedAnvilChunkStorage (New World (17)): All chunks are saved
[09Dec2025 19:06:14.659] [Server thread/INFO] [net.minecraft.server.MinecraftServer/]: ThreadedAnvilChunkStorage (DIM1): All chunks are saved
[09Dec2025 19:06:14.659] [Server thread/INFO] [net.minecraft.server.MinecraftServer/]: ThreadedAnvilChunkStorage (DIM-1): All chunks are saved
[09Dec2025 19:06:14.659] [Server thread/INFO] [net.minecraft.server.MinecraftServer/]: ThreadedAnvilChunkStorage: All dimensions are saved
[09Dec2025 19:06:23.297] [Render thread/INFO] [net.minecraft.world.item.crafting.RecipeManager/]: Loaded 1291 recipes
[09Dec2025 19:06:23.373] [Render thread/INFO] [net.minecraft.advancements.AdvancementTree/]: Loaded 1399 advancements
[09Dec2025 19:06:48.899] [Server thread/INFO] [net.minecraft.client.server.IntegratedServer/]: Starting integrated minecraft server version 1.21.1
[09Dec2025 19:06:48.899] [Server thread/INFO] [net.minecraft.server.MinecraftServer/]: Generating keypair
[09Dec2025 19:06:48.987] [Server thread/ERROR] [net.neoforged.neoforge.server.ServerLifecycleHooks/]: The following entities have not registered to the RegisterSpawnPlacementsEvent, but a spawn entry was found. This will mean that the entity doesn't have restrictions on its spawn location, please register a spawn placement for the entity, you can register with NO_RESTRICTIONS if you don't want any restrictions.
	 - minecraft:bee
[09Dec2025 19:06:49.640] [Server thread/INFO] [net.minecraft.server.MinecraftServer/]: Preparing start region for dimension minecraft:overworld
[09Dec2025 19:06:49.831] [progressListener/INFO] [net.minecraft.server.level.progress.LoggerChunkProgressListener/]: Preparing spawn area: 0%
[09Dec2025 19:06:49.832] [Server thread/INFO] [net.neoforged.neoforge.server.permission.PermissionAPI/]: Successfully initialized permission handler neoforge:default_handler
[09Dec2025 19:06:49.833] [progressListener/INFO] [net.minecraft.server.level.progress.LoggerChunkProgressListener/]: Time elapsed: 180 ms
[09Dec2025 19:06:49.894] [Server thread/INFO] [net.minecraft.client.server.IntegratedServer/]: Changing view distance to 13, from 10
[09Dec2025 19:06:49.894] [Server thread/INFO] [net.minecraft.client.server.IntegratedServer/]: Changing simulation distance to 12, from 0
[09Dec2025 19:06:50.102] [Server thread/INFO] [net.minecraft.server.players.PlayerList/]: Dev[local:E:c7314b34] logged in with entity id 1881 at (-1945.699999988079, 97.40760089761639, 101.30117609306087)
[09Dec2025 19:06:50.116] [Server thread/INFO] [net.minecraft.server.MinecraftServer/]: Dev joined the game
[09Dec2025 19:06:50.215] [Render thread/INFO] [net.minecraft.advancements.AdvancementTree/]: Loaded 13 advancements
[09Dec2025 19:07:04.090] [Server thread/INFO] [net.minecraft.server.commands.LocateCommand/]: Locating element flower_paradise:sand_plateau took 1821 ms
[09Dec2025 19:07:04.095] [Render thread/INFO] [net.minecraft.client.gui.components.ChatComponent/]: [System] [CHAT] The nearest flower_paradise:sand_plateau is at [1030, 97, -2427] (3904 blocks away)
[09Dec2025 19:07:09.038] [Server thread/INFO] [net.minecraft.server.MinecraftServer/]: [Dev: Teleported Dev to 1030.500000, 97.000000, -2426.500000]
[09Dec2025 19:07:09.044] [Render thread/INFO] [net.minecraft.client.gui.components.ChatComponent/]: [System] [CHAT] Teleported Dev to 1030.500000, 97.000000, -2426.500000
[09Dec2025 19:07:39.734] [Server thread/INFO] [net.minecraft.client.server.IntegratedServer/]: Saving and pausing game...
[09Dec2025 19:07:39.758] [Server thread/INFO] [net.minecraft.server.MinecraftServer/]: Saving chunks for level 'ServerLevel[New World]'/minecraft:overworld
[09Dec2025 19:07:39.766] [Server thread/INFO] [net.minecraft.server.MinecraftServer/]: Saving chunks for level 'ServerLevel[New World]'/minecraft:the_end
[09Dec2025 19:07:39.767] [Server thread/INFO] [net.minecraft.server.MinecraftServer/]: Saving chunks for level 'ServerLevel[New World]'/minecraft:the_nether
[09Dec2025 19:07:40.042] [Server thread/INFO] [net.minecraft.server.network.ServerGamePacketListenerImpl/]: Dev lost connection: Disconnected
[09Dec2025 19:07:40.042] [Server thread/INFO] [net.minecraft.server.MinecraftServer/]: Dev left the game
[09Dec2025 19:07:40.049] [Server thread/INFO] [net.minecraft.server.network.ServerCommonPacketListenerImpl/]: Stopping singleplayer server as player logged out
[09Dec2025 19:07:40.091] [Server thread/INFO] [net.minecraft.server.MinecraftServer/]: Stopping server
[09Dec2025 19:07:40.091] [Server thread/INFO] [net.minecraft.server.MinecraftServer/]: Saving players
[09Dec2025 19:07:40.091] [Server thread/INFO] [net.minecraft.server.MinecraftServer/]: Saving worlds
[09Dec2025 19:07:41.866] [Server thread/INFO] [net.minecraft.server.MinecraftServer/]: Saving chunks for level 'ServerLevel[New World]'/minecraft:overworld
[09Dec2025 19:07:42.074] [Server thread/INFO] [net.minecraft.server.MinecraftServer/]: Saving chunks for level 'ServerLevel[New World]'/minecraft:the_end
[09Dec2025 19:07:42.077] [Server thread/INFO] [net.minecraft.server.MinecraftServer/]: Saving chunks for level 'ServerLevel[New World]'/minecraft:the_nether
[09Dec2025 19:07:42.150] [Server thread/INFO] [net.minecraft.server.MinecraftServer/]: ThreadedAnvilChunkStorage (New World (17)): All chunks are saved
[09Dec2025 19:07:42.150] [Server thread/INFO] [net.minecraft.server.MinecraftServer/]: ThreadedAnvilChunkStorage (DIM1): All chunks are saved
[09Dec2025 19:07:42.150] [Server thread/INFO] [net.minecraft.server.MinecraftServer/]: ThreadedAnvilChunkStorage (DIM-1): All chunks are saved
[09Dec2025 19:07:42.150] [Server thread/INFO] [net.minecraft.server.MinecraftServer/]: ThreadedAnvilChunkStorage: All dimensions are saved
[09Dec2025 19:07:48.840] [Render thread/INFO] [net.minecraft.client.Minecraft/]: Stopping!
